build/app/outputs/mapping/release/mapping.txt
# compiler: R8
# compiler_version: 2.1.62
# min_api: 21
# pg_map_id: 58291b2
# common_typos_disable
...
com.google.firebase.platforminfo.DefaultUserAgentPublisher -> com.google.firebase.u.d:
    com.google.firebase.platforminfo.GlobalLibraryVersionRegistrar gamesSDKRegistrar -> b
    java.lang.String javaSDKVersionUserAgent -> a
    java.lang.String getUserAgent() -> a
    com.google.firebase.components.Component component() -> b
    com.google.firebase.platforminfo.UserAgentPublisher lambda$component$0(com.google.firebase.components.ComponentContainer) -> c
    java.lang.String toUserAgent(java.util.Set) -> d
com.google.firebase.platforminfo.GlobalLibraryVersionRegistrar -> com.google.firebase.u.e:
    com.google.firebase.platforminfo.GlobalLibraryVersionRegistrar INSTANCE -> b
    java.util.Set infos -> a
    com.google.firebase.platforminfo.GlobalLibraryVersionRegistrar getInstance() -> a
    java.util.Set getRegisteredVersions() -> b
com.google.firebase.platforminfo.KotlinDetector -> com.google.firebase.u.f:
    java.lang.String detectVersion() -> a
com.google.firebase.platforminfo.LibraryVersion -> com.google.firebase.u.g:
    com.google.firebase.platforminfo.LibraryVersion create(java.lang.String,java.lang.String) -> a
    java.lang.String getLibraryName() -> b
    java.lang.String getVersion() -> c
com.google.firebase.platforminfo.LibraryVersionComponent -> com.google.firebase.u.h:
    com.google.firebase.components.Component create(java.lang.String,java.lang.String) -> a
    com.google.firebase.components.Component fromContext(java.lang.String,com.google.firebase.platforminfo.LibraryVersionComponent$VersionExtractor) -> b
    com.google.firebase.platforminfo.LibraryVersion lambda$fromContext$0(java.lang.String,com.google.firebase.platforminfo.LibraryVersionComponent$VersionExtractor,com.google.firebase.components.ComponentContainer) -> c
com.google.firebase.platforminfo.LibraryVersionComponent$VersionExtractor -> com.google.firebase.u.h$a:
    java.lang.String extract(java.lang.Object) -> a
com.google.firebase.platforminfo.UserAgentPublisher -> com.google.firebase.u.i:
    java.lang.String getUserAgent() -> a
com.google.firebase.provider.FirebaseInitProvider -> com.google.firebase.provider.FirebaseInitProvider:
    void checkContentProviderAuthority(android.content.pm.ProviderInfo) -> a
com.google.firestore.v1.ArrayValue -> b.a.d.a.a:
    java.lang.Object dynamicMethod(com.google.protobuf.GeneratedMessageLite$MethodToInvoke,java.lang.Object,java.lang.Object) -> A
    com.google.firestore.v1.ArrayValue access$000() -> T
    void access$200(com.google.firestore.v1.ArrayValue,com.google.firestore.v1.Value) -> U
    void access$400(com.google.firestore.v1.ArrayValue,java.lang.Iterable) -> V
    void access$600(com.google.firestore.v1.ArrayValue,int) -> W
    void addAllValues(java.lang.Iterable) -> X
    void addValues(com.google.firestore.v1.Value) -> Y
    void ensureValuesIsMutable() -> Z
    com.google.firestore.v1.ArrayValue getDefaultInstance() -> a0
    com.google.firestore.v1.Value getValues(int) -> b0
    int getValuesCount() -> c0
    com.google.firestore.v1.ArrayValue$Builder newBuilder() -> d0
    void removeValues(int) -> e0
    java.util.List getValuesList() -> k
com.google.firestore.v1.ArrayValue$1 -> b.a.d.a.a$a:
    int[] $SwitchMap$com$google$protobuf$GeneratedMessageLite$MethodToInvoke -> a
com.google.firestore.v1.ArrayValue$Builder -> b.a.d.a.a$b:
    com.google.firestore.v1.ArrayValue$Builder addAllValues(java.lang.Iterable) -> C
    com.google.firestore.v1.ArrayValue$Builder addValues(com.google.firestore.v1.Value) -> D
    com.google.firestore.v1.Value getValues(int) -> E
    int getValuesCount() -> F
    com.google.firestore.v1.ArrayValue$Builder removeValues(int) -> G
    java.util.List getValuesList() -> k
com.google.firestore.v1.ArrayValueOrBuilder -> b.a.d.a.b:
    java.util.List getValuesList() -> k