build/app/outputs/mapping/release/usage.txt
com.jesse.recipe_app.R
com.jesse.recipe_app.R$xml
com.jesse.recipe_app.R$layout
com.jesse.recipe_app.R$dimen
com.jesse.recipe_app.R$plurals
com.jesse.recipe_app.R$style
com.jesse.recipe_app.R$animator
com.jesse.recipe_app.R$attr
com.jesse.recipe_app.R$styleable
com.jesse.recipe_app.R$drawable
com.jesse.recipe_app.R$interpolator
com.jesse.recipe_app.R$bool
com.jesse.recipe_app.R$id
com.jesse.recipe_app.R$string
com.jesse.recipe_app.R$mipmap
com.jesse.recipe_app.R$integer
com.jesse.recipe_app.R$anim
com.jesse.recipe_app.BuildConfig
com.jesse.recipe_app.R$color
...
com.google.common.collect.StandardTable$Row$1
androidx.transition.R$integer
com.google.common.collect.AbstractIndexedListIterator:
    protected void <init>(int)
androidx.constraintlayout.widget.ConstraintLayoutStates$Variant:
    boolean match(float,float)
    int mId
com.google.common.util.concurrent.Striped$3
kotlin.contracts.ExperimentalContracts
com.google.gson.stream.JsonScope
kotlin.StandardKt__StandardKt
com.google.common.collect.TreeRangeSet$SubRangeSet
kotlin.math.MathKt__MathHKt
com.google.api.Distribution
com.google.protobuf.DescriptorProtos$FieldOptions$CType$CTypeVerifier
com.google.common.hash.Murmur3_128HashFunction
androidx.transition.ObjectAnimatorUtils:
    private void <init>()
com.google.android.material.elevation.ElevationOverlayProvider:
    public int compositeOverlayWithThemeSurfaceColorIfNeeded(float,android.view.View)
    public int compositeOverlayWithThemeSurfaceColorIfNeeded(float)
    public int compositeOverlayIfNeeded(int,float,android.view.View)
    public int compositeOverlay(int,float,android.view.View)
    public int calculateOverlayAlpha(float)
    public int getThemeElevationOverlayColor()
    public int getThemeSurfaceColor()
    public float getParentAbsoluteElevation(android.view.View)
    private static final float FORMULA_MULTIPLIER
    private static final float FORMULA_OFFSET
com.google.protobuf.AllocatedBuffer$2
kotlin.reflect.KMutableProperty
com.google.common.base.CharMatcher$BreakingWhitespace
androidx.legacy.coreutils.R$styleable
androidx.viewpager.R$id
kotlin.collections.ArraysKt___ArraysJvmKt$asList$8
com.google.android.material.floatingactionbutton.FloatingActionButton:
    public void <init>(android.content.Context)
    public void <init>(android.content.Context,android.util.AttributeSet)
    public void <init>(android.content.Context,android.util.AttributeSet,int)
    public boolean shouldEnsureMinTouchTargetSize()
    public void show()
    public void removeOnShowAnimationListener(android.animation.Animator$AnimatorListener)
    public void hide()
    public void removeOnHideAnimationListener(android.animation.Animator$AnimatorListener)
    public boolean setExpanded(boolean)
    public void clearCustomSize()
    public void removeTransformationCallback(com.google.android.material.animation.TransformationCallback)
    private int borderWidth
    private static final java.lang.String LOG_TAG
    private static final java.lang.String EXPANDABLE_WIDGET_HELPER_KEY
    public static final int SIZE_MINI
    public static final int SIZE_NORMAL
    public static final int SIZE_AUTO
    public static final int NO_CUSTOM_SIZE
    private static final int AUTO_MINI_LARGEST_SCREEN_WIDTH
kotlin.collections.UArraysKt
com.google.firebase.annotations.DeferredApi
com.google.android.gms.common.api.Batch$Builder
androidx.constraintlayout.solver.widgets.Guideline:
    public void copy(androidx.constraintlayout.solver.widgets.ConstraintWidget,java.util.HashMap)
    public int getRelativeBehaviour()
    public androidx.constraintlayout.solver.widgets.ConstraintAnchor getAnchor()
    public java.lang.String getType()
    public void setMinimumPosition(int)
    public void setGuidePercent(int)
    void inferRelativePercentPosition()
    void inferRelativeBeginPosition()
    void inferRelativeEndPosition()
    public void cyclePosition()
    public boolean isPercent()
    public static final int HORIZONTAL
    public static final int VERTICAL
    public static final int RELATIVE_PERCENT
    public static final int RELATIVE_BEGIN
    public static final int RELATIVE_END
    public static final int RELATIVE_UNKNWON
io.grpc.internal.ServerImpl$ServerTransportListenerImpl
com.google.common.io.ByteArrayDataInput
com.google.common.base.FinalizableSoftReference
com.google.android.gms.common.api.internal.zaay
io.grpc.internal.InternalHandlerRegistry$1
com.google.common.util.concurrent.RateLimiter$SleepingStopwatch
com.google.android.material.navigation.NavigationView$SavedState$1